Determining if the pthread_create exist failed with the following output:
Change Dir: /home/jason/ros_ws/build/gscam/CMakeFiles/CMakeTmp

Run Build Command:"/usr/bin/make" "cmTC_7870f/fast"
/usr/bin/make -f CMakeFiles/cmTC_7870f.dir/build.make CMakeFiles/cmTC_7870f.dir/build
make[1]: Entering directory '/home/jason/ros_ws/build/gscam/CMakeFiles/CMakeTmp'
Building C object CMakeFiles/cmTC_7870f.dir/CheckSymbolExists.c.o
/usr/bin/cc    -o CMakeFiles/cmTC_7870f.dir/CheckSymbolExists.c.o   -c /home/jason/ros_ws/build/gscam/CMakeFiles/CMakeTmp/CheckSymbolExists.c
Linking C executable cmTC_7870f
/usr/bin/cmake -E cmake_link_script CMakeFiles/cmTC_7870f.dir/link.txt --verbose=1
/usr/bin/cc      -rdynamic CMakeFiles/cmTC_7870f.dir/CheckSymbolExists.c.o  -o cmTC_7870f 
CMakeFiles/cmTC_7870f.dir/CheckSymbolExists.c.o: In function `main':
CheckSymbolExists.c:(.text+0x14): undefined reference to `pthread_create'
CheckSymbolExists.c:(.text+0x18): undefined reference to `pthread_create'
collect2: error: ld returned 1 exit status
CMakeFiles/cmTC_7870f.dir/build.make:97: recipe for target 'cmTC_7870f' failed
make[1]: *** [cmTC_7870f] Error 1
make[1]: Leaving directory '/home/jason/ros_ws/build/gscam/CMakeFiles/CMakeTmp'
Makefile:126: recipe for target 'cmTC_7870f/fast' failed
make: *** [cmTC_7870f/fast] Error 2

File /home/jason/ros_ws/build/gscam/CMakeFiles/CMakeTmp/CheckSymbolExists.c:
/* */
#include <pthread.h>

int main(int argc, char** argv)
{
  (void)argv;
#ifndef pthread_create
  return ((int*)(&pthread_create))[argc];
#else
  (void)argc;
  return 0;
#endif
}

Determining if the function pthread_create exists in the pthreads failed with the following output:
Change Dir: /home/jason/ros_ws/build/gscam/CMakeFiles/CMakeTmp

Run Build Command:"/usr/bin/make" "cmTC_96d1d/fast"
/usr/bin/make -f CMakeFiles/cmTC_96d1d.dir/build.make CMakeFiles/cmTC_96d1d.dir/build
make[1]: Entering directory '/home/jason/ros_ws/build/gscam/CMakeFiles/CMakeTmp'
Building C object CMakeFiles/cmTC_96d1d.dir/CheckFunctionExists.c.o
/usr/bin/cc   -DCHECK_FUNCTION_EXISTS=pthread_create   -o CMakeFiles/cmTC_96d1d.dir/CheckFunctionExists.c.o   -c /usr/share/cmake-3.10/Modules/CheckFunctionExists.c
Linking C executable cmTC_96d1d
/usr/bin/cmake -E cmake_link_script CMakeFiles/cmTC_96d1d.dir/link.txt --verbose=1
/usr/bin/cc  -DCHECK_FUNCTION_EXISTS=pthread_create    -rdynamic CMakeFiles/cmTC_96d1d.dir/CheckFunctionExists.c.o  -o cmTC_96d1d -lpthreads 
/usr/bin/ld: cannot find -lpthreads
collect2: error: ld returned 1 exit status
CMakeFiles/cmTC_96d1d.dir/build.make:97: recipe for target 'cmTC_96d1d' failed
make[1]: *** [cmTC_96d1d] Error 1
make[1]: Leaving directory '/home/jason/ros_ws/build/gscam/CMakeFiles/CMakeTmp'
Makefile:126: recipe for target 'cmTC_96d1d/fast' failed
make: *** [cmTC_96d1d/fast] Error 2


