Determining if the pthread_create exist failed with the following output:
Change Dir: /home/jason/ros_ws/build/interbotix_xsarm_descriptions/CMakeFiles/CMakeTmp

Run Build Command:"/usr/bin/make" "cmTC_495af/fast"
/usr/bin/make -f CMakeFiles/cmTC_495af.dir/build.make CMakeFiles/cmTC_495af.dir/build
make[1]: Entering directory '/home/jason/ros_ws/build/interbotix_xsarm_descriptions/CMakeFiles/CMakeTmp'
Building C object CMakeFiles/cmTC_495af.dir/CheckSymbolExists.c.o
/usr/bin/cc    -o CMakeFiles/cmTC_495af.dir/CheckSymbolExists.c.o   -c /home/jason/ros_ws/build/interbotix_xsarm_descriptions/CMakeFiles/CMakeTmp/CheckSymbolExists.c
Linking C executable cmTC_495af
/usr/bin/cmake -E cmake_link_script CMakeFiles/cmTC_495af.dir/link.txt --verbose=1
/usr/bin/cc      -rdynamic CMakeFiles/cmTC_495af.dir/CheckSymbolExists.c.o  -o cmTC_495af 
CMakeFiles/cmTC_495af.dir/CheckSymbolExists.c.o: In function `main':
CheckSymbolExists.c:(.text+0x14): undefined reference to `pthread_create'
CheckSymbolExists.c:(.text+0x18): undefined reference to `pthread_create'
collect2: error: ld returned 1 exit status
CMakeFiles/cmTC_495af.dir/build.make:97: recipe for target 'cmTC_495af' failed
make[1]: *** [cmTC_495af] Error 1
make[1]: Leaving directory '/home/jason/ros_ws/build/interbotix_xsarm_descriptions/CMakeFiles/CMakeTmp'
Makefile:126: recipe for target 'cmTC_495af/fast' failed
make: *** [cmTC_495af/fast] Error 2

File /home/jason/ros_ws/build/interbotix_xsarm_descriptions/CMakeFiles/CMakeTmp/CheckSymbolExists.c:
/* */
#include <pthread.h>

int main(int argc, char** argv)
{
  (void)argv;
#ifndef pthread_create
  return ((int*)(&pthread_create))[argc];
#else
  (void)argc;
  return 0;
#endif
}

Determining if the function pthread_create exists in the pthreads failed with the following output:
Change Dir: /home/jason/ros_ws/build/interbotix_xsarm_descriptions/CMakeFiles/CMakeTmp

Run Build Command:"/usr/bin/make" "cmTC_33daf/fast"
/usr/bin/make -f CMakeFiles/cmTC_33daf.dir/build.make CMakeFiles/cmTC_33daf.dir/build
make[1]: Entering directory '/home/jason/ros_ws/build/interbotix_xsarm_descriptions/CMakeFiles/CMakeTmp'
Building C object CMakeFiles/cmTC_33daf.dir/CheckFunctionExists.c.o
/usr/bin/cc   -DCHECK_FUNCTION_EXISTS=pthread_create   -o CMakeFiles/cmTC_33daf.dir/CheckFunctionExists.c.o   -c /usr/share/cmake-3.10/Modules/CheckFunctionExists.c
Linking C executable cmTC_33daf
/usr/bin/cmake -E cmake_link_script CMakeFiles/cmTC_33daf.dir/link.txt --verbose=1
/usr/bin/cc  -DCHECK_FUNCTION_EXISTS=pthread_create    -rdynamic CMakeFiles/cmTC_33daf.dir/CheckFunctionExists.c.o  -o cmTC_33daf -lpthreads 
/usr/bin/ld: cannot find -lpthreads
collect2: error: ld returned 1 exit status
CMakeFiles/cmTC_33daf.dir/build.make:97: recipe for target 'cmTC_33daf' failed
make[1]: *** [cmTC_33daf] Error 1
make[1]: Leaving directory '/home/jason/ros_ws/build/interbotix_xsarm_descriptions/CMakeFiles/CMakeTmp'
Makefile:126: recipe for target 'cmTC_33daf/fast' failed
make: *** [cmTC_33daf/fast] Error 2


