Determining if the pthread_create exist failed with the following output:
Change Dir: /home/jason/ros_ws/build/interbotix_common_modules/CMakeFiles/CMakeTmp

Run Build Command:"/usr/bin/make" "cmTC_f41f9/fast"
/usr/bin/make -f CMakeFiles/cmTC_f41f9.dir/build.make CMakeFiles/cmTC_f41f9.dir/build
make[1]: Entering directory '/home/jason/ros_ws/build/interbotix_common_modules/CMakeFiles/CMakeTmp'
Building C object CMakeFiles/cmTC_f41f9.dir/CheckSymbolExists.c.o
/usr/bin/cc    -o CMakeFiles/cmTC_f41f9.dir/CheckSymbolExists.c.o   -c /home/jason/ros_ws/build/interbotix_common_modules/CMakeFiles/CMakeTmp/CheckSymbolExists.c
Linking C executable cmTC_f41f9
/usr/bin/cmake -E cmake_link_script CMakeFiles/cmTC_f41f9.dir/link.txt --verbose=1
/usr/bin/cc      -rdynamic CMakeFiles/cmTC_f41f9.dir/CheckSymbolExists.c.o  -o cmTC_f41f9 
CMakeFiles/cmTC_f41f9.dir/CheckSymbolExists.c.o: In function `main':
CheckSymbolExists.c:(.text+0x14): undefined reference to `pthread_create'
CheckSymbolExists.c:(.text+0x18): undefined reference to `pthread_create'
collect2: error: ld returned 1 exit status
CMakeFiles/cmTC_f41f9.dir/build.make:97: recipe for target 'cmTC_f41f9' failed
make[1]: *** [cmTC_f41f9] Error 1
make[1]: Leaving directory '/home/jason/ros_ws/build/interbotix_common_modules/CMakeFiles/CMakeTmp'
Makefile:126: recipe for target 'cmTC_f41f9/fast' failed
make: *** [cmTC_f41f9/fast] Error 2

File /home/jason/ros_ws/build/interbotix_common_modules/CMakeFiles/CMakeTmp/CheckSymbolExists.c:
/* */
#include <pthread.h>

int main(int argc, char** argv)
{
  (void)argv;
#ifndef pthread_create
  return ((int*)(&pthread_create))[argc];
#else
  (void)argc;
  return 0;
#endif
}

Determining if the function pthread_create exists in the pthreads failed with the following output:
Change Dir: /home/jason/ros_ws/build/interbotix_common_modules/CMakeFiles/CMakeTmp

Run Build Command:"/usr/bin/make" "cmTC_aa3fc/fast"
/usr/bin/make -f CMakeFiles/cmTC_aa3fc.dir/build.make CMakeFiles/cmTC_aa3fc.dir/build
make[1]: Entering directory '/home/jason/ros_ws/build/interbotix_common_modules/CMakeFiles/CMakeTmp'
Building C object CMakeFiles/cmTC_aa3fc.dir/CheckFunctionExists.c.o
/usr/bin/cc   -DCHECK_FUNCTION_EXISTS=pthread_create   -o CMakeFiles/cmTC_aa3fc.dir/CheckFunctionExists.c.o   -c /usr/share/cmake-3.10/Modules/CheckFunctionExists.c
Linking C executable cmTC_aa3fc
/usr/bin/cmake -E cmake_link_script CMakeFiles/cmTC_aa3fc.dir/link.txt --verbose=1
/usr/bin/cc  -DCHECK_FUNCTION_EXISTS=pthread_create    -rdynamic CMakeFiles/cmTC_aa3fc.dir/CheckFunctionExists.c.o  -o cmTC_aa3fc -lpthreads 
/usr/bin/ld: cannot find -lpthreads
collect2: error: ld returned 1 exit status
CMakeFiles/cmTC_aa3fc.dir/build.make:97: recipe for target 'cmTC_aa3fc' failed
make[1]: *** [cmTC_aa3fc] Error 1
make[1]: Leaving directory '/home/jason/ros_ws/build/interbotix_common_modules/CMakeFiles/CMakeTmp'
Makefile:126: recipe for target 'cmTC_aa3fc/fast' failed
make: *** [cmTC_aa3fc/fast] Error 2


