Determining if the pthread_create exist failed with the following output:
Change Dir: /home/jason/ros_ws/build/interbotix_landmark_modules/CMakeFiles/CMakeTmp

Run Build Command:"/usr/bin/make" "cmTC_9aea1/fast"
/usr/bin/make -f CMakeFiles/cmTC_9aea1.dir/build.make CMakeFiles/cmTC_9aea1.dir/build
make[1]: Entering directory '/home/jason/ros_ws/build/interbotix_landmark_modules/CMakeFiles/CMakeTmp'
Building C object CMakeFiles/cmTC_9aea1.dir/CheckSymbolExists.c.o
/usr/bin/cc    -o CMakeFiles/cmTC_9aea1.dir/CheckSymbolExists.c.o   -c /home/jason/ros_ws/build/interbotix_landmark_modules/CMakeFiles/CMakeTmp/CheckSymbolExists.c
Linking C executable cmTC_9aea1
/usr/bin/cmake -E cmake_link_script CMakeFiles/cmTC_9aea1.dir/link.txt --verbose=1
/usr/bin/cc      -rdynamic CMakeFiles/cmTC_9aea1.dir/CheckSymbolExists.c.o  -o cmTC_9aea1 
CMakeFiles/cmTC_9aea1.dir/CheckSymbolExists.c.o: In function `main':
CheckSymbolExists.c:(.text+0x14): undefined reference to `pthread_create'
CheckSymbolExists.c:(.text+0x18): undefined reference to `pthread_create'
collect2: error: ld returned 1 exit status
CMakeFiles/cmTC_9aea1.dir/build.make:97: recipe for target 'cmTC_9aea1' failed
make[1]: *** [cmTC_9aea1] Error 1
make[1]: Leaving directory '/home/jason/ros_ws/build/interbotix_landmark_modules/CMakeFiles/CMakeTmp'
Makefile:126: recipe for target 'cmTC_9aea1/fast' failed
make: *** [cmTC_9aea1/fast] Error 2

File /home/jason/ros_ws/build/interbotix_landmark_modules/CMakeFiles/CMakeTmp/CheckSymbolExists.c:
/* */
#include <pthread.h>

int main(int argc, char** argv)
{
  (void)argv;
#ifndef pthread_create
  return ((int*)(&pthread_create))[argc];
#else
  (void)argc;
  return 0;
#endif
}

Determining if the function pthread_create exists in the pthreads failed with the following output:
Change Dir: /home/jason/ros_ws/build/interbotix_landmark_modules/CMakeFiles/CMakeTmp

Run Build Command:"/usr/bin/make" "cmTC_f3738/fast"
/usr/bin/make -f CMakeFiles/cmTC_f3738.dir/build.make CMakeFiles/cmTC_f3738.dir/build
make[1]: Entering directory '/home/jason/ros_ws/build/interbotix_landmark_modules/CMakeFiles/CMakeTmp'
Building C object CMakeFiles/cmTC_f3738.dir/CheckFunctionExists.c.o
/usr/bin/cc   -DCHECK_FUNCTION_EXISTS=pthread_create   -o CMakeFiles/cmTC_f3738.dir/CheckFunctionExists.c.o   -c /usr/share/cmake-3.10/Modules/CheckFunctionExists.c
Linking C executable cmTC_f3738
/usr/bin/cmake -E cmake_link_script CMakeFiles/cmTC_f3738.dir/link.txt --verbose=1
/usr/bin/cc  -DCHECK_FUNCTION_EXISTS=pthread_create    -rdynamic CMakeFiles/cmTC_f3738.dir/CheckFunctionExists.c.o  -o cmTC_f3738 -lpthreads 
/usr/bin/ld: cannot find -lpthreads
collect2: error: ld returned 1 exit status
CMakeFiles/cmTC_f3738.dir/build.make:97: recipe for target 'cmTC_f3738' failed
make[1]: *** [cmTC_f3738] Error 1
make[1]: Leaving directory '/home/jason/ros_ws/build/interbotix_landmark_modules/CMakeFiles/CMakeTmp'
Makefile:126: recipe for target 'cmTC_f3738/fast' failed
make: *** [cmTC_f3738/fast] Error 2


