Determining if the pthread_create exist failed with the following output:
Change Dir: /home/jason/ros_ws/build/ros_robot/CMakeFiles/CMakeTmp

Run Build Command:"/usr/bin/make" "cmTC_a319f/fast"
/usr/bin/make -f CMakeFiles/cmTC_a319f.dir/build.make CMakeFiles/cmTC_a319f.dir/build
make[1]: Entering directory '/home/jason/ros_ws/build/ros_robot/CMakeFiles/CMakeTmp'
Building C object CMakeFiles/cmTC_a319f.dir/CheckSymbolExists.c.o
/usr/bin/cc    -o CMakeFiles/cmTC_a319f.dir/CheckSymbolExists.c.o   -c /home/jason/ros_ws/build/ros_robot/CMakeFiles/CMakeTmp/CheckSymbolExists.c
Linking C executable cmTC_a319f
/usr/bin/cmake -E cmake_link_script CMakeFiles/cmTC_a319f.dir/link.txt --verbose=1
/usr/bin/cc      -rdynamic CMakeFiles/cmTC_a319f.dir/CheckSymbolExists.c.o  -o cmTC_a319f 
CMakeFiles/cmTC_a319f.dir/CheckSymbolExists.c.o: In function `main':
CheckSymbolExists.c:(.text+0x14): undefined reference to `pthread_create'
CheckSymbolExists.c:(.text+0x18): undefined reference to `pthread_create'
collect2: error: ld returned 1 exit status
CMakeFiles/cmTC_a319f.dir/build.make:97: recipe for target 'cmTC_a319f' failed
make[1]: *** [cmTC_a319f] Error 1
make[1]: Leaving directory '/home/jason/ros_ws/build/ros_robot/CMakeFiles/CMakeTmp'
Makefile:126: recipe for target 'cmTC_a319f/fast' failed
make: *** [cmTC_a319f/fast] Error 2

File /home/jason/ros_ws/build/ros_robot/CMakeFiles/CMakeTmp/CheckSymbolExists.c:
/* */
#include <pthread.h>

int main(int argc, char** argv)
{
  (void)argv;
#ifndef pthread_create
  return ((int*)(&pthread_create))[argc];
#else
  (void)argc;
  return 0;
#endif
}

Determining if the function pthread_create exists in the pthreads failed with the following output:
Change Dir: /home/jason/ros_ws/build/ros_robot/CMakeFiles/CMakeTmp

Run Build Command:"/usr/bin/make" "cmTC_6bfcd/fast"
/usr/bin/make -f CMakeFiles/cmTC_6bfcd.dir/build.make CMakeFiles/cmTC_6bfcd.dir/build
make[1]: Entering directory '/home/jason/ros_ws/build/ros_robot/CMakeFiles/CMakeTmp'
Building C object CMakeFiles/cmTC_6bfcd.dir/CheckFunctionExists.c.o
/usr/bin/cc   -DCHECK_FUNCTION_EXISTS=pthread_create   -o CMakeFiles/cmTC_6bfcd.dir/CheckFunctionExists.c.o   -c /usr/share/cmake-3.10/Modules/CheckFunctionExists.c
Linking C executable cmTC_6bfcd
/usr/bin/cmake -E cmake_link_script CMakeFiles/cmTC_6bfcd.dir/link.txt --verbose=1
/usr/bin/cc  -DCHECK_FUNCTION_EXISTS=pthread_create    -rdynamic CMakeFiles/cmTC_6bfcd.dir/CheckFunctionExists.c.o  -o cmTC_6bfcd -lpthreads 
/usr/bin/ld: cannot find -lpthreads
collect2: error: ld returned 1 exit status
CMakeFiles/cmTC_6bfcd.dir/build.make:97: recipe for target 'cmTC_6bfcd' failed
make[1]: *** [cmTC_6bfcd] Error 1
make[1]: Leaving directory '/home/jason/ros_ws/build/ros_robot/CMakeFiles/CMakeTmp'
Makefile:126: recipe for target 'cmTC_6bfcd/fast' failed
make: *** [cmTC_6bfcd/fast] Error 2


